SF:lib\services\tmdb_api_service.dart
DA:11,1
DA:19,1
DA:20,1
DA:21,1
DA:23,1
DA:24,1
DA:26,1
DA:27,1
DA:29,2
DA:41,1
DA:43,1
DA:44,1
DA:45,1
DA:48,1
DA:49,1
DA:53,2
DA:55,2
DA:56,2
DA:57,1
DA:60,1
DA:61,1
DA:62,4
DA:64,3
DA:65,1
DA:67,3
DA:68,3
DA:69,1
DA:72,2
DA:73,1
DA:77,1
DA:78,1
DA:81,1
LF:32
LH:32
end_of_record
SF:lib\services\places_api_service.dart
DA:13,1
DA:15,1
DA:20,1
DA:21,1
DA:25,2
DA:27,2
DA:28,2
DA:29,1
DA:31,4
DA:33,3
DA:34,3
DA:35,1
DA:38,2
DA:39,1
DA:43,1
DA:44,1
DA:47,1
LF:17
LH:17
end_of_record
SF:lib\models\cinema.dart
DA:10,1
DA:20,1
DA:21,1
DA:22,1
DA:23,1
DA:25,1
DA:26,1
DA:28,2
DA:30,3
DA:31,3
DA:33,3
DA:34,3
LF:12
LH:12
end_of_record
